2021-10-04T11:20:41.536Z superface:http:sensitive 
WARNING: YOU HAVE ALLOWED LOGGING SENSITIVE INFORMATION.
THIS LOGGING LEVEL DOES NOT PREVENT LEAKING SECRETS AND SHOULD NOT BE USED IF THE LOGS ARE GOING TO BE SHARED.
CONSIDER DISABLING SENSITIVE INFORMATION LOGGING BY APPENDING THE DEBUG ENVIRONMENT VARIABLE WITH ",-*:sensitive".

2021-10-04T11:20:41.744Z superface:events Attaching interceptor for event "fetch" (placement: around) onto CrossFetch::fetch
2021-10-04T11:20:41.746Z superface:failover:sensitive 
WARNING: YOU HAVE ALLOWED LOGGING SENSITIVE INFORMATION.
THIS LOGGING LEVEL DOES NOT PREVENT LEAKING SECRETS AND SHOULD NOT BE USED IF THE LOGS ARE GOING TO BE SHARED.
CONSIDER DISABLING SENSITIVE INFORMATION LOGGING BY APPENDING THE DEBUG ENVIRONMENT VARIABLE WITH ",-*:sensitive".

2021-10-04T11:20:41.748Z superface:events Attaching interceptor for event "perform" (placement: around) onto UseCaseBase::performBoundUsecase
2021-10-04T11:20:41.748Z superface:events Attaching interceptor for event "bind-and-perform" (placement: around) onto UseCaseBase::bindAndPerform
2021-10-04T11:20:41.750Z superface:events Attaching interceptor for event "unhandled-http" (placement: before) onto MapInterpreterEventAdapter::unhandledHttp
2021-10-04T11:20:41.755Z superface:superjson loaded super.json from /home/j/proj/sf/demo/node16-bug/superface/super.json
2021-10-04T11:20:41.755Z superface:events Attaching listener for event "success" with priority 0
2021-10-04T11:20:41.756Z superface:events Attaching listener for event "failure" with priority 0
2021-10-04T11:20:41.756Z superface:events Attaching listener for event "provider-switch" with priority 1000
2021-10-04T11:20:41.758Z superface:events Intercepted function for "fetch" (placement: around) with context: { metadata: undefined, events: undefined }
2021-10-04T11:20:41.771Z superface:events Attaching listener for event "pre-fetch" with priority 1
2021-10-04T11:20:41.771Z superface:events Attaching listener for event "post-fetch" with priority 1
2021-10-04T11:20:41.771Z superface:events Attaching listener for event "pre-unhandled-http" with priority 1
2021-10-04T11:20:41.771Z superface:events Attaching listener for event "pre-bind-and-perform" with priority 1
2021-10-04T11:20:41.771Z superface:events Attaching listener for event "post-bind-and-perform" with priority 1
2021-10-04T11:20:41.774Z superface:events Intercepted function for "bind-and-perform" (placement: around) with context: { metadata: { profile: weather/current-city, provider: undefined, usecase: GetCurrentWeatherInCity }, events: defined }
2021-10-04T11:20:41.774Z superface:events Emitting event "pre-bind-and-perform"
2021-10-04T11:20:41.775Z superface:failover Handling event pre-bind-and-perform with context: {
  time: 2021-10-04T11:20:41.774Z,
  profile: 'weather/current-city',
  usecase: 'GetCurrentWeatherInCity',
  provider: undefined
}
2021-10-04T11:20:41.776Z superface:failover:sensitive 	args: [ { city: 'Prague, Czechia', units: 'C' }, undefined ]
2021-10-04T11:20:41.776Z superface:events Event "pre-bind-and-perform" listener 0 result: continue
2021-10-04T11:20:41.778Z superface:profile-provider Resolving input as nested value: weather/current-city
2021-10-04T11:20:41.778Z superface:profile-provider Resolving input as file: /home/j/proj/sf/demo/node16-bug/superface/grid/weather/current-city@1.0.1.supr
2021-10-04T11:20:41.785Z superface:profile-provider Resolving input as nested value: wttr-in
2021-10-04T11:20:41.785Z superface:profile-provider Resolving input as nested value: weather/current-city.wttr-in
2021-10-04T11:20:41.785Z superface:profile-provider Fetching map from store
2021-10-04T11:20:41.786Z superface:registry Binding SDK to registry
2021-10-04T11:20:41.787Z superface:http Executing HTTP Call
2021-10-04T11:20:41.787Z superface:http:sensitive 	POST https://superface.ai/registry/bind HTTP/1.1
2021-10-04T11:20:41.787Z superface:http:sensitive 	0: Authorization: SUPERFACE-SDK-TOKEN sfs_d215d14d693e8e976ec96d6ce9f1166d56a0e13debccaad2622edb574f60ef6f2e0be091ae972700cb1a6da61c3f3550a8d428690a02b11fd404b7896b11a1d7_a268d491
2021-10-04T11:20:41.787Z superface:http:sensitive 	accept: application/json
2021-10-04T11:20:41.787Z superface:http:sensitive 	Content-Type: application/json
2021-10-04T11:20:41.787Z superface:http:sensitive 	user-agent: superfaceai one-sdk-js/0.0.36 (linux-x64) node-v14.17.6
2021-10-04T11:20:41.787Z superface:http:sensitive 
{
  profile_id: 'weather/current-city@1.0.1',
  provider: 'wttr-in',
  map_variant: undefined,
  map_revision: undefined
}
2021-10-04T11:20:41.787Z superface:events Intercepted function for "fetch" (placement: around) with context: { metadata: undefined, events: undefined }
2021-10-04T11:20:41.976Z superface:http Received response
2021-10-04T11:20:41.976Z superface:http:sensitive 	HTTP/1.1 200 OK
2021-10-04T11:20:41.976Z superface:http:sensitive 	ast-parser-version: 0.0.21
2021-10-04T11:20:41.976Z superface:http:sensitive 	connection: close
2021-10-04T11:20:41.976Z superface:http:sensitive 	content-length: 9400
2021-10-04T11:20:41.976Z superface:http:sensitive 	content-type: application/json; charset=utf-8
2021-10-04T11:20:41.976Z superface:http:sensitive 	date: Mon, 04 Oct 2021 11:20:41 GMT
2021-10-04T11:20:41.976Z superface:http:sensitive 	etag: W/"24b8-5YJzQtreabne88f6DoHrmkLChd8"
2021-10-04T11:20:41.976Z superface:http:sensitive 	server: Cowboy
2021-10-04T11:20:41.976Z superface:http:sensitive 	via: 1.1 vegur
2021-10-04T11:20:41.976Z superface:http:sensitive 
	{"bind_id":"9547fe0b64932470de96b2a1f655f6fde1fb96c436c73f2744bb3a0ae87f7bf6","profile_url":"https://superface.ai/weather/current-city@1.0.1","map_url":"https://superface.ai/weather/current-city.wttr-in@1.0-rev1","map_ast":"{\"kind\":\"MapDocument\",\"header\":{\"kind\":\"MapHeader\",\"profile\":{\"scope\":\"weather\",\"name\":\"current-city\",\"version\":{\"major\":1,\"minor\":0,\"patch\":0}},\"provider\":\"wttr-in\",\"location\":{\"line\":1,\"column\":1},\"span\":{\"start\":0,\"end\":57}},\"definitions\":[{\"kind\":\"MapDefinition\",\"name\":\"GetCurrentWeatherInCity\",\"usecaseName\":\"GetCurrentWeatherInCity\",\"statements\":[{\"kind\":\"SetStatement\",\"assignments\":[{\"kind\":\"Assignment\",\"key\":[\"units\"],\"value\":{\"kind\":\"JessieExpression\",\"expression\":\"input.units\",\"source\":\"input.units\",\"sourceMap\":\"AAAA,IAAI,aAAa,GAAG,KAAK,CAAC,KAAK,CAAC\",\"location\":{\"line\":6,\"column\":13},\"span\":{\"start\":109,\"end\":120}},\"location\":{\"line\":6,\"column\":5},\"span\":{\"start\":101,\"end\":120}}],\"location\":{\"line\":5,\"column\":3},\"span\":{\"start\":91,\"end\":124}},{\"kind\":\"HttpCallStatement\",\"method\":\"GET\",\"url\":\"/{input.city}\",\"request\":{\"kind\":\"HttpRequest\",\"query\":{\"kind\":\"ObjectLiteral\",\"fields\":[{\"kind\":\"Assignment\",\"key\":[\"format\"],\"value\":{\"kind\":\"PrimitiveLiteral\",\"value\":\"j1\",\"location\":{\"line\":15,\"column\":18},\"span\":{\"start\":256,\"end\":260}},\"location\":{\"line\":15,\"column\":9},\"span\":{\"start\":247,\"end\":260}}],\"location\":{\"line\":13,\"column\":13},\"span\":{\"start\":200,\"end\":268}},\"location\":{\"line\":10,\"column\":5},\"span\":{\"start\":159,\"end\":274},\"security\":[]},\"responseHandlers\":[{\"kind\":\"HttpResponseHandler\",\"statusCode\":200,\"contentType\":\"application/json\",\"statements\":[{\"kind\":\"SetStatement\",\"assignments\":[{\"kind\":\"Assignment\",\"key\":[\"temperatureWrapper\"],\"value\":{\"kind\":\"InlineCall\",\"operationName\":\"pickTemperatures\",\"arguments\":[{\"kind\":\"Assignment\",\"key\":[\"weather\"],\"value\":{\"kind\":\"JessieExpression\",\"expression\":\"body.current_condition[0]\",\"source\":\"body.current_condition[0]\",\"sourceMap\":\"AAAA,IAAI,aAAa,GAAG,IAAI,CAAC,iBAAiB,CAAC,CAAC,CAAC,CAAC\",\"location\":{\"line\":20,\"column\":60},\"span\":{\"start\":373,\"end\":398}},\"location\":{\"line\":20,\"column\":50},\"span\":{\"start\":363,\"end\":398}},{\"kind\":\"Assignment\",\"key\":[\"units\"],\"value\":{\"kind\":\"JessieExpression\",\"expression\":\"units\",\"source\":\"units\",\"sourceMap\":\"AAAA,IAAI,aAAa,GAAG,KAAK,CAAC\",\"location\":{\"line\":20,\"column\":95},\"span\":{\"start\":408,\"end\":413}},\"location\":{\"line\":20,\"column\":87},\"span\":{\"start\":400,\"end\":413}}],\"location\":{\"line\":20,\"column\":28},\"span\":{\"start\":341,\"end\":414}},\"location\":{\"line\":20,\"column\":7},\"span\":{\"start\":320,\"end\":414}}],\"location\":{\"line\":20,\"column\":7},\"span\":{\"start\":320,\"end\":414}},{\"kind\":\"OutcomeStatement\",\"isError\":false,\"terminateFlow\":false,\"value\":{\"kind\":\"ObjectLiteral\",\"fields\":[{\"kind\":\"Assignment\",\"key\":[\"temperature\"],\"value\":{\"kind\":\"JessieExpression\",\"expression\":\"temperatureWrapper.temperature\",\"source\":\"temperatureWrapper.temperature\",\"sourceMap\":\"AAAA,IAAI,aAAa,GAAG,kBAAkB,CAAC,WAAW,CAAC\",\"location\":{\"line\":22,\"column\":23},\"span\":{\"start\":456,\"end\":486}},\"location\":{\"line\":22,\"column\":9},\"span\":{\"start\":442,\"end\":486}},{\"kind\":\"Assignment\",\"key\":[\"feelsLike\"],\"value\":{\"kind\":\"JessieExpression\",\"expression\":\"temperatureWrapper.feelsLike\",\"source\":\"temperatureWrapper.feelsLike\",\"sourceMap\":\"AAAA,IAAI,aAAa,GAAG,kBAAkB,CAAC,SAAS,CAAC\",\"location\":{\"line\":23,\"column\":21},\"span\":{\"start\":507,\"end\":535}},\"location\":{\"line\":23,\"column\":9},\"span\":{\"start\":495,\"end\":535}},{\"kind\":\"Assignment\",\"key\":[\"description\"],\"value\":{\"kind\":\"JessieExpression\",\"expression\":\"body.current_condition[0].weatherDesc[0].value\",\"source\":\"body.current_condition[0].weatherDesc[0].value\",\"sourceMap\":\"AAAA,IAAI,aAAa,GAAG,IAAI,CAAC,iBAAiB,CAAC,CAAC,CAAC,CAAC,WAAW,CAAC,CAAC,CAAC,CAAC,KAAK,CAAC\",\"location\":{\"line\":24,\"column\":23},\"span\":{\"start\":558,\"end\":604}},\"location\":{\"line\":24,\"column\":9},\"span\":{\"start\":544,\"end\":604}}],\"location\":{\"line\":21,\"column\":18},\"span\":{\"start\":432,\"end\":612}},\"location\":{\"line\":21,\"column\":7},\"span\":{\"start\":421,\"end\":612}}],\"location\":{\"line\":19,\"column\":5},\"span\":{\"start\":280,\"end\":618}}],\"location\":{\"line\":9,\"column\":3},\"span\":{\"start\":128,\"end\":622}}],\"location\":{\"line\":4,\"column\":1},\"span\":{\"start\":59,\"end\":624}},{\"kind\":\"OperationDefinition\",\"name\":\"pickTemperatures\",\"statements\":[{\"kind\":\"OutcomeStatement\",\"isError\":false,\"terminateFlow\":true,\"condition\":{\"kind\":\"ConditionAtom\",\"expression\":{\"kind\":\"JessieExpression\",\"expression\":\"args.units === 'F'\",\"source\":\"args.units === 'F'\",\"sourceMap\":\"AAAA,IAAI,aAAa,GAAG,IAAI,CAAC,KAAK,KAAK,GAAG,CAAC\",\"location\":{\"line\":31,\"column\":14},\"span\":{\"start\":668,\"end\":686}},\"location\":{\"line\":31,\"column\":10},\"span\":{\"start\":664,\"end\":687}},\"value\":{\"kind\":\"ObjectLiteral\",\"fields\":[{\"kind\":\"Assignment\",\"key\":[\"temperature\"],\"value\":{\"kind\":\"JessieExpression\",\"expression\":\"Number(args.weather.temp_F)\",\"source\":\"Number(args.weather.temp_F)\",\"sourceMap\":\"AAAA,IAAI,aAAa,GAAG,MAAM,CAAC,IAAI,CAAC,OAAO,CAAC,MAAM,CAAC,CAAC\",\"location\":{\"line\":32,\"column\":19},\"span\":{\"start\":708,\"end\":735}},\"location\":{\"line\":32,\"column\":5},\"span\":{\"start\":694,\"end\":735}},{\"kind\":\"Assignment\",\"key\":[\"feelsLike\"],\"value\":{\"kind\":\"JessieExpression\",\"expression\":\"Number(args.weather.FeelsLikeF)\",\"source\":\"Number(args.weather.FeelsLikeF)\",\"sourceMap\":\"AAAA,IAAI,aAAa,GAAG,MAAM,CAAC,IAAI,CAAC,OAAO,CAAC,UAAU,CAAC,CAAC\",\"location\":{\"line\":33,\"column\":17},\"span\":{\"start\":752,\"end\":783}},\"location\":{\"line\":33,\"column\":5},\"span\":{\"start\":740,\"end\":783}}],\"location\":{\"line\":31,\"column\":34},\"span\":{\"start\":688,\"end\":787}},\"location\":{\"line\":31,\"column\":3},\"span\":{\"start\":657,\"end\":787}},{\"kind\":\"OutcomeStatement\",\"isError\":false,\"terminateFlow\":true,\"condition\":{\"kind\":\"ConditionAtom\",\"expression\":{\"kind\":\"JessieExpression\",\"expression\":\"args.units === 'K'\",\"source\":\"args.units === 'K'\",\"sourceMap\":\"AAAA,IAAI,aAAa,GAAG,IAAI,CAAC,KAAK,KAAK,GAAG,CAAC\",\"location\":{\"line\":35,\"column\":14},\"span\":{\"start\":801,\"end\":819}},\"location\":{\"line\":35,\"column\":10},\"span\":{\"start\":797,\"end\":820}},\"value\":{\"kind\":\"ObjectLiteral\",\"fields\":[{\"kind\":\"Assignment\",\"key\":[\"temperature\"],\"value\":{\"kind\":\"JessieExpression\",\"expression\":\"Number(args.weather.temp_C) + 273.15\",\"source\":\"Number(args.weather.temp_C) + 273.15\",\"sourceMap\":\"AAAA,IAAI,aAAa,GAAG,MAAM,CAAC,IAAI,CAAC,OAAO,CAAC,MAAM,CAAC,GAAG,MAAM,CAAC\",\"location\":{\"line\":36,\"column\":19},\"span\":{\"start\":841,\"end\":877}},\"location\":{\"line\":36,\"column\":5},\"span\":{\"start\":827,\"end\":877}},{\"kind\":\"Assignment\",\"key\":[\"feelsLike\"],\"value\":{\"kind\":\"JessieExpression\",\"expression\":\"Number(args.weather.FeelsLikeC) + 273.15\",\"source\":\"Number(args.weather.FeelsLikeC) + 273.15\",\"sourceMap\":\"AAAA,IAAI,aAAa,GAAG,MAAM,CAAC,IAAI,CAAC,OAAO,CAAC,UAAU,CAAC,GAAG,MAAM,CAAC\",\"location\":{\"line\":37,\"column\":17},\"span\":{\"start\":894,\"end\":934}},\"location\":{\"line\":37,\"column\":5},\"span\":{\"start\":882,\"end\":934}}],\"location\":{\"line\":35,\"column\":34},\"span\":{\"start\":821,\"end\":938}},\"location\":{\"line\":35,\"column\":3},\"span\":{\"start\":790,\"end\":938}},{\"kind\":\"OutcomeStatement\",\"isError\":false,\"terminateFlow\":true,\"value\":{\"kind\":\"ObjectLiteral\",\"fields\":[{\"kind\":\"Assignment\",\"key\":[\"temperature\"],\"value\":{\"kind\":\"JessieExpression\",\"expression\":\"Number(args.weather.temp_C)\",\"source\":\"Number(args.weather.temp_C)\",\"sourceMap\":\"AAAA,IAAI,aAAa,GAAG,MAAM,CAAC,IAAI,CAAC,OAAO,CAAC,MAAM,CAAC,CAAC\",\"location\":{\"line\":40,\"column\":19},\"span\":{\"start\":968,\"end\":995}},\"location\":{\"line\":40,\"column\":5},\"span\":{\"start\":954,\"end\":995}},{\"kind\":\"Assignment\",\"key\":[\"feelsLike\"],\"value\":{\"kind\":\"JessieExpression\",\"expression\":\"Number(args.weather.FeelsLikeC)\",\"source\":\"Number(args.weather.FeelsLikeC)\",\"sourceMap\":\"AAAA,IAAI,aAAa,GAAG,MAAM,CAAC,IAAI,CAAC,OAAO,CAAC,UAAU,CAAC,CAAC\",\"location\":{\"line\":41,\"column\":17},\"span\":{\"start\":1012,\"end\":1043}},\"location\":{\"line\":41,\"column\":5},\"span\":{\"start\":1000,\"end\":1043}}],\"location\":{\"line\":39,\"column\":10},\"span\":{\"start\":948,\"end\":1047}},\"location\":{\"line\":39,\"column\":3},\"span\":{\"start\":941,\"end\":1047}}],\"location\":{\"line\":30,\"column\":1},\"span\":{\"start\":626,\"end\":1049}}],\"location\":{\"line\":1,\"column\":1},\"span\":{\"start\":0,\"end\":1049}}","provider":{"name":"wttr-in","services":[{"id":"default","baseUrl":"https://wttr.in"}],"defaultService":"default"}}
2021-10-04T11:20:41.980Z superface:usecase bound provider BoundProfileProvider {
  profileAst: {
    kind: 'ProfileDocument',
    header: {
      kind: 'ProfileHeader',
      scope: 'weather',
      name: 'current-city',
      version: [Object],
      location: [Object],
      span: [Object],
      title: 'Current Weather In City',
      description: 'Get current weather for the city'
    },
    definitions: [ [Object] ],
    location: { line: 1, column: 1 },
    span: { start: 0, end: 881 }
  },
  mapAst: {
    kind: 'MapDocument',
    header: {
      kind: 'MapHeader',
      profile: [Object],
      provider: 'wttr-in',
      location: [Object],
      span: [Object]
    },
    definitions: [ [Object], [Object] ],
    location: { line: 1, column: 1 },
    span: { start: 0, end: 1049 }
  },
  providerName: 'wttr-in',
  configuration: {
    baseUrl: 'https://wttr.in',
    profileProviderSettings: { mapVariant: undefined, mapRevision: undefined, defaults: {} },
    security: []
  },
  profileValidator: ProfileParameterValidator {
    ast: {
      kind: 'ProfileDocument',
      header: [Object],
      definitions: [Array],
      location: [Object],
      span: [Object]
    },
    namedFieldDefinitions: {},
    namedModelDefinitions: {},
    namedDefinitionsInitialized: false
  },
  fetchInstance: CrossFetch {
    metadata: { profile: 'weather/current-city', provider: 'wttr-in' },
    events: SuperfaceClient {
      listeners: [Object],
      boundCache: [Object],
      hookContext: [Object],
      superJson: [SuperJson],
      metricReporter: [MetricReporter]
    }
  }
}
2021-10-04T11:20:41.981Z superface:events Intercepted function for "perform" (placement: around) with context: { metadata: { profile: weather/current-city, provider: wttr-in, usecase: GetCurrentWeatherInCity }, events: defined }
2021-10-04T11:20:41.981Z superface:events Emitting event "pre-perform"
2021-10-04T11:20:41.982Z superface:profile-parameter-validator Visiting node: ProfileDocument
2021-10-04T11:20:41.982Z superface:profile-parameter-validator Visiting node: UseCaseDefinition
2021-10-04T11:20:41.982Z superface:profile-parameter-validator Visiting node: ObjectDefinition
2021-10-04T11:20:41.982Z superface:profile-parameter-validator Visiting node: FieldDefinition
2021-10-04T11:20:41.982Z superface:profile-parameter-validator Visiting node: NonNullDefinition
2021-10-04T11:20:41.983Z superface:profile-parameter-validator Visiting node: PrimitiveTypeName
2021-10-04T11:20:41.983Z superface:profile-parameter-validator Visiting node: FieldDefinition
2021-10-04T11:20:41.983Z superface:profile-parameter-validator Visiting node: EnumDefinition
2021-10-04T11:20:41.983Z superface:profile-parameter-validator Visiting node: EnumValue
2021-10-04T11:20:41.983Z superface:profile-parameter-validator Validation of input succeeded.
2021-10-04T11:20:41.984Z superface:map-interpreter Visiting node: MapDocument Line: 1, Column: 1
2021-10-04T11:20:41.990Z superface:map-interpreter Visiting node: MapDefinition Line: 4, Column: 4
2021-10-04T11:20:41.991Z superface:map-interpreter New stack: { type: 'map', variables: {}, result: {}, terminate: false }
2021-10-04T11:20:41.991Z superface:map-interpreter Visiting node: SetStatement Line: 5, Column: 5
2021-10-04T11:20:41.992Z superface:map-interpreter Visiting node: Assignment Line: 6, Column: 6
2021-10-04T11:20:41.992Z superface:map-interpreter Visiting node: JessieExpression Line: 6, Column: 6
2021-10-04T11:20:41.996Z superface:sandbox Evaluating: input.units
2021-10-04T11:20:41.997Z superface:sandbox Result: C
2021-10-04T11:20:41.997Z superface:map-interpreter Constructing object: units = C
2021-10-04T11:20:41.997Z superface:map-interpreter Updated stack: {
  type: 'map',
  variables: { units: 'C' },
  result: {},
  terminate: false
}
2021-10-04T11:20:41.997Z superface:map-interpreter Visiting node: HttpCallStatement Line: 9, Column: 9
2021-10-04T11:20:41.998Z superface:map-interpreter Visiting node: HttpRequest Line: 10, Column: 10
2021-10-04T11:20:41.998Z superface:map-interpreter Visiting node: ObjectLiteral Line: 13, Column: 13
2021-10-04T11:20:41.998Z superface:map-interpreter Visiting node: PrimitiveLiteral Line: 15, Column: 15
2021-10-04T11:20:41.998Z superface:map-interpreter Constructing object: format = j1
2021-10-04T11:20:41.998Z superface:map-interpreter Visiting node: HttpResponseHandler Line: 19, Column: 19
2021-10-04T11:20:41.999Z superface:map-interpreter Performing http request: /{input.city}
2021-10-04T11:20:41.999Z superface:http Executing HTTP Call
2021-10-04T11:20:41.999Z superface:http:sensitive 	GET https://wttr.in/Prague, Czechia HTTP/1.1
2021-10-04T11:20:41.999Z superface:http:sensitive 	accept: application/json
2021-10-04T11:20:41.999Z superface:http:sensitive 	user-agent: superfaceai one-sdk-js/0.0.36 (linux-x64) node-v14.17.6
2021-10-04T11:20:41.999Z superface:events Intercepted function for "fetch" (placement: around) with context: { metadata: { profile: weather/current-city, provider: wttr-in, usecase: GetCurrentWeatherInCity }, events: defined }
2021-10-04T11:20:41.999Z superface:events Emitting event "pre-fetch"
2021-10-04T11:20:41.999Z superface:failover Handling event pre-fetch with context: {
  time: 2021-10-04T11:20:41.999Z,
  profile: 'weather/current-city',
  usecase: 'GetCurrentWeatherInCity',
  provider: 'wttr-in'
}
2021-10-04T11:20:42.000Z superface:failover:sensitive 	args: [
  'https://wttr.in/Prague, Czechia',
  {
    headers: {
      accept: 'application/json',
      'user-agent': 'superfaceai one-sdk-js/0.0.36 (linux-x64) node-v14.17.6'
    },
    method: 'GET',
    queryParameters: { format: 'j1' }
  }
]
2021-10-04T11:20:42.000Z superface:events Event "pre-fetch" listener 0 result: modify
2021-10-04T11:20:42.004Z superface:metric-reporter Succesfully sent metrics. Sent:  {
  configuration: {
    profiles: { 'weather/current-city': [Object] },
    providers: [ 'wttr-in' ]
  }
} Response:  {
  status: 202,
  statusText: 'Accepted',
  headers: {
    connection: 'close',
    'content-length': '8',
    'content-type': 'text/plain; charset=utf-8',
    date: 'Mon, 04 Oct 2021 11:20:41 GMT',
    etag: 'W/"8-YaBXLEiT7zQxEyDYTILfiL6oPhE"',
    location: 'https://superface.ai/insights/sdk_event/7cb297ed-7496-4cc6-8436-82ecdac72b46',
    server: 'Cowboy',
    via: '1.1 vegur',
    'x-ratelimit-limit': '100',
    'x-ratelimit-remaining': '99',
    'x-ratelimit-reset': '0'
  },
  body: 'Accepted'
}
2021-10-04T11:20:42.009Z superface:events Emitting event "post-fetch"
2021-10-04T11:20:42.010Z superface:failover Handling event post-fetch with context: {
  time: 2021-10-04T11:20:42.009Z,
  profile: 'weather/current-city',
  usecase: 'GetCurrentWeatherInCity',
  provider: 'wttr-in'
}
2021-10-04T11:20:42.010Z superface:failover:sensitive 	args: [
  'https://wttr.in/Prague, Czechia',
  {
    headers: {
      accept: 'application/json',
      'user-agent': 'superfaceai one-sdk-js/0.0.36 (linux-x64) node-v14.17.6'
    },
    method: 'GET',
    queryParameters: { format: 'j1' },
    timeout: 30000
  }
]
2021-10-04T11:20:42.010Z superface:failover:sensitive 	result: Promise {
  <rejected> NetworkFetchError [NetworkError] {
    kind: 'NetworkError',
    message: 'Fetch failed: reject issue',
    issue: 'reject'
  }
}
2021-10-04T11:20:42.011Z superface:events Emitting event "failure"
2021-10-04T11:20:42.011Z superface:events Event "failure" listener 0 result: continue
2021-10-04T11:20:42.012Z superface:events Event "post-fetch" listener 0 result: modify
2021-10-04T11:20:42.012Z superface:events Emitting event "post-perform"
2021-10-04T11:20:42.012Z superface:events Emitting event "post-bind-and-perform"
2021-10-04T11:20:42.012Z superface:failover Handling event post-bind-and-perform with context: {
  time: 2021-10-04T11:20:42.012Z,
  profile: 'weather/current-city',
  usecase: 'GetCurrentWeatherInCity',
  provider: 'wttr-in'
}
2021-10-04T11:20:42.013Z superface:failover:sensitive 	args: [ { city: 'Prague, Czechia', units: 'C' }, undefined ]
2021-10-04T11:20:42.013Z superface:failover:sensitive 	result: Promise { Err { error: 'full abort in progress' } }
2021-10-04T11:20:42.013Z superface:events Emitting event "provider-switch"
2021-10-04T11:20:42.014Z superface:events Intercepted function for "fetch" (placement: around) with context: { metadata: undefined, events: undefined }
2021-10-04T11:20:42.015Z superface:events Event "provider-switch" listener 0 result: continue
2021-10-04T11:20:42.015Z superface:events Event "post-bind-and-perform" listener 0 result: modify
(node:71459) UnhandledPromiseRejectionWarning: SdkExecutionError: Request ended with network error: reject

At 2021-10-04T11:20:42.009Z
No backup provider available

    at new SDKExecutionError (/home/j/proj/sf/demo/node16-bug/node_modules/@superfaceai/one-sdk/dist/internal/errors.js:67:28)
    at FailurePolicyReason.toError (/home/j/proj/sf/demo/node16-bug/node_modules/@superfaceai/one-sdk/dist/client/failure/policy.js:39:24)
    at Object.<anonymous> (/home/j/proj/sf/demo/node16-bug/node_modules/@superfaceai/one-sdk/dist/client/failure/event-adapter.js:227:77)
    at step (/home/j/proj/sf/demo/node16-bug/node_modules/@superfaceai/one-sdk/dist/client/failure/event-adapter.js:44:23)
    at Object.next (/home/j/proj/sf/demo/node16-bug/node_modules/@superfaceai/one-sdk/dist/client/failure/event-adapter.js:25:53)
    at fulfilled (/home/j/proj/sf/demo/node16-bug/node_modules/@superfaceai/one-sdk/dist/client/failure/event-adapter.js:16:58)
    at processTicksAndRejections (internal/process/task_queues.js:95:5)
(Use `node --trace-warnings ...` to show where the warning was created)
(node:71459) UnhandledPromiseRejectionWarning: Unhandled promise rejection. This error originated either by throwing inside of an async function without a catch block, or by rejecting a promise which was not handled with .catch(). To terminate the node process on unhandled promise rejection, use the CLI flag `--unhandled-rejections=strict` (see https://nodejs.org/api/cli.html#cli_unhandled_rejections_mode). (rejection id: 4)
(node:71459) [DEP0018] DeprecationWarning: Unhandled promise rejections are deprecated. In the future, promise rejections that are not handled will terminate the Node.js process with a non-zero exit code.
2021-10-04T11:20:42.190Z superface:metric-reporter Succesfully sent metrics. Sent:  {
  profile: 'weather/current-city',
  from_provider: 'wttr-in',
  to_provider: undefined,
  failover_reasons: [
    {
      reason: 'NETWORK_ERROR_CONNECTION',
      occurred_at: '2021-10-04T11:20:42.013Z'
    }
  ]
} Response:  {
  status: 202,
  statusText: 'Accepted',
  headers: {
    connection: 'close',
    'content-length': '8',
    'content-type': 'text/plain; charset=utf-8',
    date: 'Mon, 04 Oct 2021 11:20:42 GMT',
    etag: 'W/"8-YaBXLEiT7zQxEyDYTILfiL6oPhE"',
    location: 'https://superface.ai/insights/sdk_event/6367b941-fe5e-413d-b746-ac5fcbf04434',
    server: 'Cowboy',
    via: '1.1 vegur',
    'x-ratelimit-limit': '100',
    'x-ratelimit-remaining': '98',
    'x-ratelimit-reset': '11'
  },
  body: 'Accepted'
}
2021-10-04T11:20:43.015Z superface:events Intercepted function for "fetch" (placement: around) with context: { metadata: undefined, events: undefined }
2021-10-04T11:20:43.159Z superface:metric-reporter Succesfully sent metrics. Sent:  {
  from: '2021-10-04T11:20:42.010Z',
  to: '2021-10-04T11:20:42.010Z',
  metrics: [
    {
      type: 'PerformMetrics',
      profile: 'weather/current-city',
      provider: 'wttr-in',
      successful_performs: 0,
      failed_performs: 1
    }
  ]
} Response:  {
  status: 202,
  statusText: 'Accepted',
  headers: {
    connection: 'close',
    'content-length': '8',
    'content-type': 'text/plain; charset=utf-8',
    date: 'Mon, 04 Oct 2021 11:20:43 GMT',
    etag: 'W/"8-YaBXLEiT7zQxEyDYTILfiL6oPhE"',
    location: 'https://superface.ai/insights/sdk_event/b7ab1cff-2b56-40c6-b3da-145da5eb34fe',
    server: 'Cowboy',
    via: '1.1 vegur',
    'x-ratelimit-limit': '100',
    'x-ratelimit-remaining': '98',
    'x-ratelimit-reset': '59'
  },
  body: 'Accepted'
}
